<?xml version="1.0" encoding="UTF-8" ?>
<testsuites>
  <testsuite errors="0" failures="0" hostname="PC254205" id="0" name="Test_SavingAccount" package="test.bank" skipped="0" tests="3" time="0.171" timestamp="2016-04-05T04:24:23">
      <properties>
[...]
</properties>

      <testcase classname="test.bank.Test_SavingAccount" name="chckSavingAccountAvailable" time="0.028" />

      <testcase classname="test.bank.Test_SavingAccount" name="checkInitialBalance" time="0.0" />

      <testcase classname="test.bank.Test_SavingAccount" name="testAccountDeposit" time="0.0" />

      <system-out><![CDATA[change to commit
]]></system-out>

      <system-err><![CDATA[]]></system-err>

  </testsuite>
</testsuites>
